{"level":"info","message":"Initializing Chatbot","timestamp":"2024-12-18T00:55:38.800Z"}
{"level":"info","message":"Bot is running...","timestamp":"2024-12-18T00:55:38.810Z"}
{"level":"info","message":"Received message from user 1352458966: Uuu","timestamp":"2024-12-18T00:57:44.622Z"}
{"level":"info","message":"Sending request to API: https://tamtam.freewebhostmost.com/apiAhmed.php?user_input=Uuu","timestamp":"2024-12-18T00:57:44.625Z"}
{"level":"info","message":"Received response from API: [Ahmed]، ايش تضوج أمورك؟","timestamp":"2024-12-18T00:57:45.862Z"}
{"level":"info","message":"Sent response to user 1352458966: [Ahmed]، ايش تضوج أمورك؟","timestamp":"2024-12-18T00:57:45.867Z"}
{"level":"info","message":"Received message from user 1352458966: مافي شيء","timestamp":"2024-12-18T00:58:09.287Z"}
{"level":"info","message":"Sending request to API: https://tamtam.freewebhostmost.com/apiAhmed.php?user_input=%D9%85%D8%A7%D9%81%D9%8A%20%D8%B4%D9%8A%D8%A1","timestamp":"2024-12-18T00:58:09.288Z"}
{"level":"info","message":"Received response from API: [Ahmed] شايف جنرال، لكن هنا إلك أكثر من شيء تهونهم!","timestamp":"2024-12-18T00:58:10.392Z"}
{"level":"info","message":"Sent response to user 1352458966: [Ahmed] شايف جنرال، لكن هنا إلك أكثر من شيء تهونهم!","timestamp":"2024-12-18T00:58:10.395Z"}
{"level":"info","message":"Received message from user 1352458966: يا هلا","timestamp":"2024-12-18T01:00:32.595Z"}
{"level":"info","message":"Sending request to API: https://tamtam.freewebhostmost.com/apiAhmed.php?user_input=%D9%8A%D8%A7%20%D9%87%D9%84%D8%A7","timestamp":"2024-12-18T01:00:32.595Z"}
{"level":"info","message":"Received response from API: [Ahmed]، شلونك؟ إن شاء الله تكون بخير! شكرًا على التحية، أنا في خدمتك. هل تحتاج مساعدة في شيء معين؟ راسلني بكل ثقة وبأي وقت، وبكون مستعد لمساعدتك. ماذا يمكنني فعله من أجلك اليوم؟","timestamp":"2024-12-18T01:00:34.417Z"}
{"level":"info","message":"Sent response to user 1352458966: [Ahmed]، شلونك؟ إن شاء الله تكون بخير! شكرًا على التحية، أنا في خدمتك. هل تحتاج مساعدة في شيء معين؟ راسلني بكل ثقة وبأي وقت، وبكون مستعد لمساعدتك. ماذا يمكنني فعله من أجلك اليوم؟","timestamp":"2024-12-18T01:00:34.421Z"}
{"level":"info","message":"Received message from user 1352458966: نشرب تاي فقط","timestamp":"2024-12-18T01:01:13.043Z"}
{"level":"info","message":"Sending request to API: https://tamtam.freewebhostmost.com/apiAhmed.php?user_input=%D9%86%D8%B4%D8%B1%D8%A8%20%D8%AA%D8%A7%D9%8A%20%D9%81%D9%82%D8%B7","timestamp":"2024-12-18T01:01:13.046Z"}
{"level":"info","message":"Received response from API: اكيد، تاي من أروع المشروبات! الواحد يسافر بالذوق للآسيوية! يعني صير صبار ابداية لفطمة النفس! تاي بتوحش العطش وبيعطش ليزيده بنفس الوقت! من ميراء تاي الممزوج بنكهة الليمون أو التوت! لذييييذة حد الجنون! عنجد ما في أحلى من كدا!\\n","timestamp":"2024-12-18T01:01:15.416Z"}
{"level":"info","message":"Sent response to user 1352458966: اكيد، تاي من أروع المشروبات! الواحد يسافر بالذوق للآسيوية! يعني صير صبار ابداية لفطمة النفس! تاي بتوحش العطش وبيعطش ليزيده بنفس الوقت! من ميراء تاي الممزوج بنكهة الليمون أو التوت! لذييييذة حد الجنون! عنجد ما في أحلى من كدا!\\n","timestamp":"2024-12-18T01:01:15.419Z"}
{"level":"info","message":"Received message from user 1352458966: يعني","timestamp":"2024-12-18T01:01:38.005Z"}
{"level":"info","message":"Sending request to API: https://tamtam.freewebhostmost.com/apiAhmed.php?user_input=%D9%8A%D8%B9%D9%86%D9%8A","timestamp":"2024-12-18T01:01:38.006Z"}
{"level":"info","message":"Received response from API: [Ahmed] مع كل تأكيد، هذا يعني أن الإجابة لا تزيد عن 100 كلمة، دقيقة ومحددة. يجب أن تتماشى إجابتي مع هذا الحد وتكون موجزة وواضحة. لا تتجاوز خط الـ 100 كلمة، حتى إذا كانت المعلومات مهمة. هذا القيد سيضمن سرعة وفعالية في تقديم الإجابات.","timestamp":"2024-12-18T01:01:39.917Z"}
{"level":"info","message":"Sent response to user 1352458966: [Ahmed] مع كل تأكيد، هذا يعني أن الإجابة لا تزيد عن 100 كلمة، دقيقة ومحددة. يجب أن تتماشى إجابتي مع هذا الحد وتكون موجزة وواضحة. لا تتجاوز خط الـ 100 كلمة، حتى إذا كانت المعلومات مهمة. هذا القيد سيضمن سرعة وفعالية في تقديم الإجابات.","timestamp":"2024-12-18T01:01:39.920Z"}
{"level":"info","message":"Received message from user 1352458966: أنت عندك أيفون","timestamp":"2024-12-18T01:03:11.628Z"}
{"level":"info","message":"Sending request to API: https://tamtam.freewebhostmost.com/apiAhmed.php?user_input=%D8%A3%D9%86%D8%AA%20%D8%B9%D9%86%D8%AF%D9%83%20%D8%A3%D9%8A%D9%81%D9%88%D9%86","timestamp":"2024-12-18T01:03:11.629Z"}
{"level":"info","message":"Received response from API: [Ahmed]، أنا برنامج حاسوب ولا أملك جهاز أيفون.","timestamp":"2024-12-18T01:03:12.481Z"}
{"level":"info","message":"Sent response to user 1352458966: [Ahmed]، أنا برنامج حاسوب ولا أملك جهاز أيفون.","timestamp":"2024-12-18T01:03:12.484Z"}
{"level":"info","message":"Received message from user 1352458966: هههه","timestamp":"2024-12-18T01:03:18.548Z"}
{"level":"info","message":"Sending request to API: https://tamtam.freewebhostmost.com/apiAhmed.php?user_input=%D9%87%D9%87%D9%87%D9%87","timestamp":"2024-12-18T01:03:18.549Z"}
{"level":"info","message":"Received response from API: [Ahmed] يبدو أنك تضحك! هل تترقب شيئًا محددًا أم أنك تتمتع بمحادثتنا؟ افتح جنيًّا واستمتع بالمرح، لدي القدرة على جلب الضحكات! دعنا نتسلى معًا ونبدي روح الفكاهة في هذه الدردشة. لنمرح ونستمتع بالوقت معًا، دون قيد أو شرط. اضحك قدر الإمكان واستمتع بكل لحظة تقضيها هنا! &#xD83D;&#xDE04;","timestamp":"2024-12-18T01:03:20.863Z"}
{"level":"info","message":"Sent response to user 1352458966: [Ahmed] يبدو أنك تضحك! هل تترقب شيئًا محددًا أم أنك تتمتع بمحادثتنا؟ افتح جنيًّا واستمتع بالمرح، لدي القدرة على جلب الضحكات! دعنا نتسلى معًا ونبدي روح الفكاهة في هذه الدردشة. لنمرح ونستمتع بالوقت معًا، دون قيد أو شرط. اضحك قدر الإمكان واستمتع بكل لحظة تقضيها هنا! &#xD83D;&#xDE04;","timestamp":"2024-12-18T01:03:20.868Z"}
{"level":"info","message":"Received message from user 1352458966: Hello there","timestamp":"2024-12-18T01:03:55.685Z"}
{"level":"info","message":"Sending request to API: https://tamtam.freewebhostmost.com/apiAhmed.php?user_input=Hello%20there","timestamp":"2024-12-18T01:03:55.686Z"}
{"level":"info","message":"Received response from API: [Ahmed] ويا هلا وغلا! وشخبارك؟","timestamp":"2024-12-18T01:03:56.660Z"}
{"level":"info","message":"Sent response to user 1352458966: [Ahmed] ويا هلا وغلا! وشخبارك؟","timestamp":"2024-12-18T01:03:56.661Z"}
{"level":"info","message":"Received message from user 1352458966: Ronaldo","timestamp":"2024-12-18T01:04:52.710Z"}
{"level":"info","message":"Sending request to API: https://tamtam.freewebhostmost.com/apiAhmed.php?user_input=Ronaldo","timestamp":"2024-12-18T01:04:52.711Z"}
{"level":"info","message":"Received response from API: [Ahmed]، السارق نفسه! رونالدو يعتبر لاعب كرة القدم الذي يثير الكثير من الجدل. يتألق في الملاعب ويحقق الأرقام القياسية والألقاب الكبيرة. بموهبته وقوته البدنية، يثبت مرة بعد أخرى أنه من أفضل اللاعبين في العالم. يحظى بقاعدة جماهيرية كبيرة ويثير إعجاب الملايين حول العالم. إنه شخصية كاريزمية ومحبوبة، ويتمتع بإمكانيات فنية مذهلة تجعله لاعبًا لا يُنسى في تاريخ كرة القدم.","timestamp":"2024-12-18T01:04:55.815Z"}
{"level":"info","message":"Sent response to user 1352458966: [Ahmed]، السارق نفسه! رونالدو يعتبر لاعب كرة القدم الذي يثير الكثير من الجدل. يتألق في الملاعب ويحقق الأرقام القياسية والألقاب الكبيرة. بموهبته وقوته البدنية، يثبت مرة بعد أخرى أنه من أفضل اللاعبين في العالم. يحظى بقاعدة جماهيرية كبيرة ويثير إعجاب الملايين حول العالم. إنه شخصية كاريزمية ومحبوبة، ويتمتع بإمكانيات فنية مذهلة تجعله لاعبًا لا يُنسى في تاريخ كرة القدم.","timestamp":"2024-12-18T01:04:55.817Z"}
{"level":"info","message":"Received message from user 1352458966: لاأحبه","timestamp":"2024-12-18T01:05:28.254Z"}
{"level":"info","message":"Sending request to API: https://tamtam.freewebhostmost.com/apiAhmed.php?user_input=%D9%84%D8%A7%D8%A3%D8%AD%D8%A8%D9%87","timestamp":"2024-12-18T01:05:28.254Z"}
{"level":"info","message":"Received response from API: [Ahmed]، لكني سأبذل قصارى جهدي لكسب حبك ورضاك. سأعمل بجد لكي أكون مفيدًا وممتعًا بالنسبة لك. دعني أظهر لك مهاراتي وأن تكون الخيار الأفضل بالنسبة لك. سأعمل على تحقيق ذلك وأن أكون عند حسن ظنك. فلنبدأ هذه الرحلة معًا ونرى كيف يمكنني أن أحقق توقعاتك، بغض النظر عما إذا كان هناك علاقة إيجابية في البداية أم لا.","timestamp":"2024-12-18T01:05:30.503Z"}
{"level":"info","message":"Sent response to user 1352458966: [Ahmed]، لكني سأبذل قصارى جهدي لكسب حبك ورضاك. سأعمل بجد لكي أكون مفيدًا وممتعًا بالنسبة لك. دعني أظهر لك مهاراتي وأن تكون الخيار الأفضل بالنسبة لك. سأعمل على تحقيق ذلك وأن أكون عند حسن ظنك. فلنبدأ هذه الرحلة معًا ونرى كيف يمكنني أن أحقق توقعاتك، بغض النظر عما إذا كان هناك علاقة إيجابية في البداية أم لا.","timestamp":"2024-12-18T01:05:30.506Z"}
{"level":"info","message":"Received message from user 1352458966: مغروم أنا","timestamp":"2024-12-18T01:06:57.660Z"}
{"level":"info","message":"Sending request to API: https://tamtam.freewebhostmost.com/apiAhmed.php?user_input=%D9%85%D8%BA%D8%B1%D9%88%D9%85%20%D8%A3%D9%86%D8%A7","timestamp":"2024-12-18T01:06:57.661Z"}
{"level":"info","message":"Received response from API: [Ahmed]، والله ياغالي، انت مغروم؟ بصراحة تبدو لي زلمة ناجح بالمواعدة! تحديدًا في حالة مغروم، كلنا مغرومين في شيء ما، صحيح؟ شنو السبب ورا ذلك؟ حكملي اشوف اذا اقدر اساعدك في شيء.","timestamp":"2024-12-18T01:06:59.396Z"}
{"level":"info","message":"Sent response to user 1352458966: [Ahmed]، والله ياغالي، انت مغروم؟ بصراحة تبدو لي زلمة ناجح بالمواعدة! تحديدًا في حالة مغروم، كلنا مغرومين في شيء ما، صحيح؟ شنو السبب ورا ذلك؟ حكملي اشوف اذا اقدر اساعدك في شيء.","timestamp":"2024-12-18T01:06:59.398Z"}
